<?xml version="1.0" encoding="UTF-8"?>
<testng-results ignored="0" total="2" passed="2" failed="0" skipped="0">
  <reporter-output>
  </reporter-output>
  <suite started-at="2023-12-11T16:40:43 IST" name="Default suite" finished-at="2023-12-11T16:41:40 IST" duration-ms="57042">
    <groups>
      <group name="cucumber">
        <method signature="AbstractTestNGCucumberTests.runScenario(io.cucumber.testng.PickleWrapper,io.cucumber.testng.FeatureWrapper)[pri:0, instance:Runner.practicetestrunner@57a78e3]" name="runScenario" class="io.cucumber.testng.AbstractTestNGCucumberTests"/>
      </group> <!-- cucumber -->
    </groups>
    <test started-at="2023-12-11T16:40:43 IST" name="Default test" finished-at="2023-12-11T16:41:40 IST" duration-ms="57042">
      <class name="Runner.practicetestrunner">
        <test-method is-config="true" signature="setUpClass(org.testng.ITestContext)[pri:0, instance:Runner.practicetestrunner@57a78e3]" started-at="2023-12-11T16:40:43 IST" name="setUpClass" finished-at="2023-12-11T16:40:43 IST" duration-ms="496" status="PASS">
          <params>
            <param index="0">
              <value>
                <![CDATA[org.testng.TestRunner@5624657a]]>
              </value>
            </param>
          </params>
          <reporter-output>
          </reporter-output>
        </test-method> <!-- setUpClass -->
        <test-method signature="runScenario(io.cucumber.testng.PickleWrapper,io.cucumber.testng.FeatureWrapper)[pri:0, instance:Runner.practicetestrunner@57a78e3]" started-at="2023-12-11T16:40:43 IST" name="runScenario" description="Runs Cucumber Scenarios" data-provider="scenarios" finished-at="2023-12-11T16:40:44 IST" duration-ms="198" status="PASS">
          <params>
            <param index="0">
              <value>
                <![CDATA["Verify Login"]]>
              </value>
            </param>
            <param index="1">
              <value>
                <![CDATA["Demo login"]]>
              </value>
            </param>
          </params>
          <reporter-output>
          </reporter-output>
        </test-method> <!-- runScenario -->
        <test-method signature="runScenario(io.cucumber.testng.PickleWrapper,io.cucumber.testng.FeatureWrapper)[pri:0, instance:Runner.practicetestrunner@57a78e3]" started-at="2023-12-11T16:40:44 IST" name="runScenario" description="Runs Cucumber Scenarios" data-provider="scenarios" finished-at="2023-12-11T16:41:40 IST" duration-ms="56251" status="PASS">
          <params>
            <param index="0">
              <value>
                <![CDATA["Verify  Practice Login page"]]>
              </value>
            </param>
            <param index="1">
              <value>
                <![CDATA["practice login"]]>
              </value>
            </param>
          </params>
          <reporter-output>
          </reporter-output>
        </test-method> <!-- runScenario -->
        <test-method is-config="true" signature="tearDownClass()[pri:0, instance:Runner.practicetestrunner@57a78e3]" started-at="2023-12-11T16:41:40 IST" name="tearDownClass" finished-at="2023-12-11T16:41:40 IST" duration-ms="5" status="PASS">
          <reporter-output>
          </reporter-output>
        </test-method> <!-- tearDownClass -->
      </class> <!-- Runner.practicetestrunner -->
    </test> <!-- Default test -->
  </suite> <!-- Default suite -->
</testng-results>
